
=== Mon Jul 18 20:52:28 2022

Packages were changed.
Update Mode: updateDependencies

The following packages were updated:
  com.unity.collab-proxy from version 1.3.9 to 1.15.4
  com.unity.ide.visualstudio from version 2.0.7 to 2.0.12
  com.unity.ide.vscode from version 1.2.3 to 1.2.4
  com.unity.render-pipelines.universal from version 10.3.2 to 10.7.0
  com.unity.test-framework from version 1.1.24 to 1.1.29
  com.unity.textmeshpro from version 3.0.4 to 3.0.6
  com.unity.timeline from version 1.4.7 to 1.4.8
  com.unity.xr.oculus from version 1.8.1 to 1.11.0
  com.unity.xr.openxr from version 1.0.3 to 1.3.0

=== Mon Sep 26 14:50:59 2022

Packages were changed.
Update Mode: updateDependencies

The following packages were updated:
  com.unity.ide.rider from version 2.0.7 to 3.0.7
  com.unity.render-pipelines.universal from version 10.7.0 to 11.0.0
  com.unity.timeline from version 1.4.8 to 1.5.6

=== Sat Apr 20 15:10:44 2024

Packages were changed.
Update Mode: updateDependencies

The following packages were added:
  com.unity.ai.navigation@1.1.4
The following packages were updated:
  com.unity.collab-proxy from version 1.15.4 to 2.0.5
  com.unity.ide.rider from version 3.0.7 to 3.0.24
  com.unity.ide.visualstudio from version 2.0.12 to 2.0.18
  com.unity.ide.vscode from version 1.2.4 to 1.2.5
  com.unity.render-pipelines.universal from version 11.0.0 to 14.0.8
  com.unity.test-framework from version 1.1.29 to 1.1.33
  com.unity.timeline from version 1.5.6 to 1.7.5
  com.unity.xr.interaction.toolkit from version 2.1.0-pre.1 to 2.4.0
  com.unity.xr.management from version 4.2.1 to 4.3.3
  com.unity.xr.oculus from version 1.11.0 to 4.0.0
  com.unity.xr.openxr from version 1.3.0 to 1.8.1
